Using pre-set license
Built from '2020.3/staging' branch; Version is '2020.3.4f1 (0abb6314276a) revision 703331'; Using compiler version '192528614'; Build Type 'Release'
OS: 'Windows 10 Education; OS build 19043.1706; Version 2009; 64bit' Language: 'ko' Physical Memory: 32656 MB
BatchMode: 1, IsHumanControllingUs: 0, StartBugReporterOnCrash: 0, Is64bit: 1, IsPro: 0

 COMMAND LINE ARGUMENTS:
C:\Program Files\Unity\Hub\Editor\2020.3.4f1\Editor\Unity.exe
-adb2
-batchMode
-noUpm
-name
AssetImportWorker0
-projectPath
C:/Users/gkim29/Documents/GitHub/RPGMakerStyle/RPGMakerStyle
-logFile
Logs/AssetImportWorker0.log
-srvPort
63437
Successfully changed project path to: C:/Users/gkim29/Documents/GitHub/RPGMakerStyle/RPGMakerStyle
C:/Users/gkim29/Documents/GitHub/RPGMakerStyle/RPGMakerStyle
Using Asset Import Pipeline V2.
Refreshing native plugins compatible for Editor in 26.71 ms, found 1 plugins.
Preloading 0 native plugins for Editor in 0.00 ms.
Initialize engine version: 2020.3.4f1 (0abb6314276a)
[Subsystems] Discovering subsystems at path C:/Program Files/Unity/Hub/Editor/2020.3.4f1/Editor/Data/Resources/UnitySubsystems
[Subsystems] Discovering subsystems at path C:/Users/gkim29/Documents/GitHub/RPGMakerStyle/RPGMakerStyle/Assets
GfxDevice: creating device client; threaded=0
Direct3D:
    Version:  Direct3D 11.0 [level 11.1]
    Renderer: NVIDIA GeForce GTX 1650 (ID=0x1f82)
    Vendor:   
    VRAM:     3962 MB
    Driver:   27.21.14.5671
Initialize mono
Mono path[0] = 'C:/Program Files/Unity/Hub/Editor/2020.3.4f1/Editor/Data/Managed'
Mono path[1] = 'C:/Program Files/Unity/Hub/Editor/2020.3.4f1/Editor/Data/MonoBleedingEdge/lib/mono/unityjit'
Mono config path = 'C:/Program Files/Unity/Hub/Editor/2020.3.4f1/Editor/Data/MonoBleedingEdge/etc'
Using monoOptions --debugger-agent=transport=dt_socket,embedding=1,server=y,suspend=n,address=127.0.0.1:56928
Begin MonoManager ReloadAssembly
Registering precompiled unity dll's ...
Register platform support module: C:/Program Files/Unity/Hub/Editor/2020.3.4f1/Editor/Data/PlaybackEngines/WindowsStandaloneSupport/UnityEditor.WindowsStandalone.Extensions.dll
Registered in 0.002152 seconds.
Native extension for WindowsStandalone target not found
Refreshing native plugins compatible for Editor in 27.33 ms, found 1 plugins.
Preloading 0 native plugins for Editor in 0.00 ms.
Mono: successfully reloaded assembly
- Completed reload, in  1.679 seconds
Platform modules already initialized, skipping
Registering precompiled user dll's ...
Registered in 0.001054 seconds.
Begin MonoManager ReloadAssembly
Native extension for WindowsStandalone target not found
Refreshing native plugins compatible for Editor in 26.71 ms, found 1 plugins.
Preloading 0 native plugins for Editor in 0.00 ms.
Mono: successfully reloaded assembly
- Completed reload, in  0.651 seconds
Platform modules already initialized, skipping
========================================================================
Worker process is ready to serve import requests
Launched and connected shader compiler UnityShaderCompiler.exe after 0.04 seconds
Refreshing native plugins compatible for Editor in 0.39 ms, found 1 plugins.
Preloading 0 native plugins for Editor in 0.00 ms.
Unloading 1809 Unused Serialized files (Serialized files now loaded: 0)
System memory in use before: 87.5 MB.
System memory in use after: 87.4 MB.

Unloading 24 unused Assets to reduce memory usage. Loaded Objects now: 2251.
Total: 2.034200 ms (FindLiveObjects: 0.259000 ms CreateObjectMapping: 0.062700 ms MarkObjects: 1.604300 ms  DeleteObjects: 0.107500 ms)

========================================================================
Received Import Request.
  path: Assets/Images/character.anim
  artifactKey: Guid(c63b6c76799867b47a05178695c50eeb) Importer(815301076,1909f56bfc062723c751e8b465ee728b)
Start importing Assets/Images/character.anim using Guid(c63b6c76799867b47a05178695c50eeb) Importer(815301076,1909f56bfc062723c751e8b465ee728b)  -> (artifact id: '85f0d2e6eab4870f249f442cb03136f6') in 0.031098 seconds
  Import took 0.033809 seconds .

========================================================================
Received Import Request.
  Time since last request: 248.848581 seconds.
  path: Assets/Images/Character1.controller
  artifactKey: Guid(15f5d921c8a45b6498557090149d9d7f) Importer(815301076,1909f56bfc062723c751e8b465ee728b)
Start importing Assets/Images/Character1.controller using Guid(15f5d921c8a45b6498557090149d9d7f) Importer(815301076,1909f56bfc062723c751e8b465ee728b)  -> (artifact id: '4106b1e6170116441a3ce640b8321d53') in 0.004914 seconds
  Import took 0.008067 seconds .

========================================================================
Received Import Request.
  Time since last request: 30.238810 seconds.
  path: Assets/Images/animation
  artifactKey: Guid(5a99c8937b0dd22489dc24577751ffbf) Importer(815301076,1909f56bfc062723c751e8b465ee728b)
Start importing Assets/Images/animation using Guid(5a99c8937b0dd22489dc24577751ffbf) Importer(815301076,1909f56bfc062723c751e8b465ee728b)  -> (artifact id: 'ed0eef17b410a140b0c2b98da3c3e6d6') in 0.002262 seconds
  Import took 0.004662 seconds .

========================================================================
Received Import Request.
  Time since last request: 23.235644 seconds.
  path: Assets/Images/Menu/FX - Blood 1.png
  artifactKey: Guid(b9a806701df00c44a8c14dbcc3885506) Importer(815301076,1909f56bfc062723c751e8b465ee728b)
Start importing Assets/Images/Menu/FX - Blood 1.png using Guid(b9a806701df00c44a8c14dbcc3885506) Importer(815301076,1909f56bfc062723c751e8b465ee728b)  -> (artifact id: '2c7c6ef8aaf3cbffecfe69d89b0a549a') in 0.077599 seconds
  Import took 0.080472 seconds .

========================================================================
Received Import Request.
  Time since last request: 0.000205 seconds.
  path: Assets/Images/Menu/Menu - bag.png
  artifactKey: Guid(545fbb921fe663c488d4f40ce48d3ac0) Importer(815301076,1909f56bfc062723c751e8b465ee728b)
Start importing Assets/Images/Menu/Menu - bag.png using Guid(545fbb921fe663c488d4f40ce48d3ac0) Importer(815301076,1909f56bfc062723c751e8b465ee728b)  -> (artifact id: '49d8bb2a4fc917ac802fd2362d5fba57') in 0.013285 seconds
  Import took 0.015795 seconds .

========================================================================
Received Import Request.
  Time since last request: 0.000164 seconds.
  path: Assets/Images/Menu/Menu - map.png
  artifactKey: Guid(595e6be018615784fad3c73ac09f2412) Importer(815301076,1909f56bfc062723c751e8b465ee728b)
Start importing Assets/Images/Menu/Menu - map.png using Guid(595e6be018615784fad3c73ac09f2412) Importer(815301076,1909f56bfc062723c751e8b465ee728b)  -> (artifact id: 'ae9a15b3f3f21c448112aa627659273e') in 0.009490 seconds
  Import took 0.011617 seconds .

========================================================================
Received Import Request.
  Time since last request: 0.000174 seconds.
  path: Assets/Images/Menu/Menu - item.png
  artifactKey: Guid(059543cde5179c149bfd783a2345ad6a) Importer(815301076,1909f56bfc062723c751e8b465ee728b)
Start importing Assets/Images/Menu/Menu - item.png using Guid(059543cde5179c149bfd783a2345ad6a) Importer(815301076,1909f56bfc062723c751e8b465ee728b)  -> (artifact id: '25545cf8ce9ad181cf7517eca46b6230') in 0.014596 seconds
  Import took 0.016737 seconds .

========================================================================
Received Import Request.
  Time since last request: 0.000183 seconds.
  path: Assets/Images/Menu/Menu - title.png
  artifactKey: Guid(20208e916a2897042a31aa0a362943dd) Importer(815301076,1909f56bfc062723c751e8b465ee728b)
Start importing Assets/Images/Menu/Menu - title.png using Guid(20208e916a2897042a31aa0a362943dd) Importer(815301076,1909f56bfc062723c751e8b465ee728b)  -> (artifact id: '528ee82e1ddcb59ca2ae82cb27959291') in 0.010264 seconds
  Import took 0.012578 seconds .

========================================================================
Received Import Request.
  Time since last request: 0.000160 seconds.
  path: Assets/Images/Menu/Menu - List.png
  artifactKey: Guid(a71b957157d259f4ca2d7da706b9c410) Importer(815301076,1909f56bfc062723c751e8b465ee728b)
Start importing Assets/Images/Menu/Menu - List.png using Guid(a71b957157d259f4ca2d7da706b9c410) Importer(815301076,1909f56bfc062723c751e8b465ee728b)  -> (artifact id: 'adf65168b898c3e234939a057a2bc4b0') in 0.014234 seconds
  Import took 0.016559 seconds .

========================================================================
Received Import Request.
  Time since last request: 0.000185 seconds.
  path: Assets/Images/Menu/Menu - Background 2.png
  artifactKey: Guid(21d1c54bbac95624da1fdfc7a7eff104) Importer(815301076,1909f56bfc062723c751e8b465ee728b)
Start importing Assets/Images/Menu/Menu - Background 2.png using Guid(21d1c54bbac95624da1fdfc7a7eff104) Importer(815301076,1909f56bfc062723c751e8b465ee728b)  -> (artifact id: 'f61dbd6f2f689c3f52b79cccaa9cbb2f') in 0.032433 seconds
  Import took 0.034873 seconds .

========================================================================
Received Import Request.
  Time since last request: 0.000195 seconds.
  path: Assets/Images/Menu/Menu - hint.png
  artifactKey: Guid(3c6d9b3169e11e24da85bf7de7026ab6) Importer(815301076,1909f56bfc062723c751e8b465ee728b)
Start importing Assets/Images/Menu/Menu - hint.png using Guid(3c6d9b3169e11e24da85bf7de7026ab6) Importer(815301076,1909f56bfc062723c751e8b465ee728b)  -> (artifact id: '2297c2f25f78a91f00e8f9c341e08cf1') in 0.008496 seconds
  Import took 0.010728 seconds .

========================================================================
Received Import Request.
  Time since last request: 0.000170 seconds.
  path: Assets/Images/Menu/FX - Blood 3.png
  artifactKey: Guid(ba8394206bc109944bdf94c9dfa4fce7) Importer(815301076,1909f56bfc062723c751e8b465ee728b)
Start importing Assets/Images/Menu/FX - Blood 3.png using Guid(ba8394206bc109944bdf94c9dfa4fce7) Importer(815301076,1909f56bfc062723c751e8b465ee728b)  -> (artifact id: '4a1dae161b9dd89fe1610931e6eedfed') in 0.018221 seconds
  Import took 0.020499 seconds .

========================================================================
Received Import Request.
  Time since last request: 0.000176 seconds.
  path: Assets/Images/Menu/FX - Blood 2.png
  artifactKey: Guid(d3d518b442a7ac144845642d96dc0b44) Importer(815301076,1909f56bfc062723c751e8b465ee728b)
Start importing Assets/Images/Menu/FX - Blood 2.png using Guid(d3d518b442a7ac144845642d96dc0b44) Importer(815301076,1909f56bfc062723c751e8b465ee728b)  -> (artifact id: 'e30f9e6735101de944e17456db54ee0e') in 0.017819 seconds
  Import took 0.019933 seconds .

========================================================================
Received Import Request.
  Time since last request: 0.000169 seconds.
  path: Assets/Images/Menu/Menu - Background 1.png
  artifactKey: Guid(250bffbfb99841248a723a22cbf1f726) Importer(815301076,1909f56bfc062723c751e8b465ee728b)
Start importing Assets/Images/Menu/Menu - Background 1.png using Guid(250bffbfb99841248a723a22cbf1f726) Importer(815301076,1909f56bfc062723c751e8b465ee728b)  -> (artifact id: '688043db59f43f60d7d5e847b671e40c') in 0.022681 seconds
  Import took 0.024736 seconds .

========================================================================
Received Import Request.
  Time since last request: 0.000160 seconds.
  path: Assets/Images/Menu/FX - Blood 4.png
  artifactKey: Guid(602140226609adc4583cdc344402d631) Importer(815301076,1909f56bfc062723c751e8b465ee728b)
Start importing Assets/Images/Menu/FX - Blood 4.png using Guid(602140226609adc4583cdc344402d631) Importer(815301076,1909f56bfc062723c751e8b465ee728b)  -> (artifact id: '0efe70d7c0920b9fdfacfedd6906de03') in 0.013750 seconds
  Import took 0.015924 seconds .

========================================================================
Received Import Request.
  Time since last request: 0.000156 seconds.
  path: Assets/Images/Menu/Menu - Map - 1F.png
  artifactKey: Guid(2b02daa6e6c7fdb4097282d122cf0b51) Importer(815301076,1909f56bfc062723c751e8b465ee728b)
Start importing Assets/Images/Menu/Menu - Map - 1F.png using Guid(2b02daa6e6c7fdb4097282d122cf0b51) Importer(815301076,1909f56bfc062723c751e8b465ee728b)  -> (artifact id: '02b2e2bb4206ac1998f0c3a56c053f3b') in 0.010601 seconds
  Import took 0.012736 seconds .

========================================================================
Received Import Request.
  Time since last request: 266.080243 seconds.
  path: Assets/Images/Main Camera.controller
  artifactKey: Guid(f2968eaf7bd782145a7e1ba242faf5b2) Importer(815301076,1909f56bfc062723c751e8b465ee728b)
Start importing Assets/Images/Main Camera.controller using Guid(f2968eaf7bd782145a7e1ba242faf5b2) Importer(815301076,1909f56bfc062723c751e8b465ee728b)  -> (artifact id: '98b491bbf45fdb7d4e2c72a2f8bd1a62') in 0.003549 seconds
  Import took 0.006710 seconds .

========================================================================
Received Import Request.
  Time since last request: 22.778545 seconds.
  path: Assets/Images/animation/Character
  artifactKey: Guid(355a61be9ce769947a91a8f4ed431852) Importer(815301076,1909f56bfc062723c751e8b465ee728b)
Start importing Assets/Images/animation/Character using Guid(355a61be9ce769947a91a8f4ed431852) Importer(815301076,1909f56bfc062723c751e8b465ee728b)  -> (artifact id: 'b7679a190744c471ead8a80d7d2ca23b') in 0.002249 seconds
  Import took 0.005120 seconds .

========================================================================
Received Import Request.
  Time since last request: 2.273887 seconds.
  path: Assets/Images/animation/Character1.controller
  artifactKey: Guid(e38bd5bc2ef46a1418af7fae5b14544f) Importer(815301076,1909f56bfc062723c751e8b465ee728b)
Start importing Assets/Images/animation/Character1.controller using Guid(e38bd5bc2ef46a1418af7fae5b14544f) Importer(815301076,1909f56bfc062723c751e8b465ee728b)  -> (artifact id: '9d84f4b8ba1c82905e7fe1b9437bc0f5') in 0.002504 seconds
  Import took 0.005505 seconds .

========================================================================
Received Import Request.
  Time since last request: 4.884191 seconds.
  path: Assets/Images/animation/Character/walkDown.anim
  artifactKey: Guid(d838e3507219a7047a38f6eaa94c8867) Importer(815301076,1909f56bfc062723c751e8b465ee728b)
Start importing Assets/Images/animation/Character/walkDown.anim using Guid(d838e3507219a7047a38f6eaa94c8867) Importer(815301076,1909f56bfc062723c751e8b465ee728b)  -> (artifact id: '9bf7771c3a318ce804d424424abdfebb') in 0.002858 seconds
  Import took 0.005675 seconds .

AssetImportWorkerClient::OnTransportError - code=2 error=End of file
