Using pre-set license
Built from '2020.3/staging' branch; Version is '2020.3.4f1 (0abb6314276a) revision 703331'; Using compiler version '192528614'; Build Type 'Release'
OS: 'Windows 10 Education; OS build 19043.1766; Version 2009; 64bit' Language: 'ko' Physical Memory: 32656 MB
BatchMode: 1, IsHumanControllingUs: 0, StartBugReporterOnCrash: 0, Is64bit: 1, IsPro: 0

 COMMAND LINE ARGUMENTS:
C:\Program Files\Unity\Hub\Editor\2020.3.4f1\Editor\Unity.exe
-adb2
-batchMode
-noUpm
-name
AssetImportWorker0
-projectPath
C:/Users/gkim29/Documents/GitHub/RPGMakerStyle/RPGMakerStyle
-logFile
Logs/AssetImportWorker0.log
-srvPort
63303
Successfully changed project path to: C:/Users/gkim29/Documents/GitHub/RPGMakerStyle/RPGMakerStyle
C:/Users/gkim29/Documents/GitHub/RPGMakerStyle/RPGMakerStyle
Using Asset Import Pipeline V2.
Refreshing native plugins compatible for Editor in 36.89 ms, found 1 plugins.
Preloading 0 native plugins for Editor in 0.00 ms.
Initialize engine version: 2020.3.4f1 (0abb6314276a)
[Subsystems] Discovering subsystems at path C:/Program Files/Unity/Hub/Editor/2020.3.4f1/Editor/Data/Resources/UnitySubsystems
[Subsystems] Discovering subsystems at path C:/Users/gkim29/Documents/GitHub/RPGMakerStyle/RPGMakerStyle/Assets
GfxDevice: creating device client; threaded=0
Direct3D:
    Version:  Direct3D 11.0 [level 11.1]
    Renderer: NVIDIA GeForce GTX 1650 (ID=0x1f82)
    Vendor:   
    VRAM:     3962 MB
    Driver:   27.21.14.5671
Initialize mono
Mono path[0] = 'C:/Program Files/Unity/Hub/Editor/2020.3.4f1/Editor/Data/Managed'
Mono path[1] = 'C:/Program Files/Unity/Hub/Editor/2020.3.4f1/Editor/Data/MonoBleedingEdge/lib/mono/unityjit'
Mono config path = 'C:/Program Files/Unity/Hub/Editor/2020.3.4f1/Editor/Data/MonoBleedingEdge/etc'
Using monoOptions --debugger-agent=transport=dt_socket,embedding=1,server=y,suspend=n,address=127.0.0.1:56528
Begin MonoManager ReloadAssembly
Registering precompiled unity dll's ...
Register platform support module: C:/Program Files/Unity/Hub/Editor/2020.3.4f1/Editor/Data/PlaybackEngines/WindowsStandaloneSupport/UnityEditor.WindowsStandalone.Extensions.dll
Registered in 0.002169 seconds.
Native extension for WindowsStandalone target not found
Refreshing native plugins compatible for Editor in 33.56 ms, found 1 plugins.
Preloading 0 native plugins for Editor in 0.00 ms.
Mono: successfully reloaded assembly
- Completed reload, in  1.897 seconds
Platform modules already initialized, skipping
Registering precompiled user dll's ...
Registered in 0.001013 seconds.
Begin MonoManager ReloadAssembly
Native extension for WindowsStandalone target not found
Refreshing native plugins compatible for Editor in 33.27 ms, found 1 plugins.
Preloading 0 native plugins for Editor in 0.00 ms.
Mono: successfully reloaded assembly
- Completed reload, in  0.914 seconds
Platform modules already initialized, skipping
========================================================================
Worker process is ready to serve import requests
Launched and connected shader compiler UnityShaderCompiler.exe after 0.08 seconds
Refreshing native plugins compatible for Editor in 0.47 ms, found 1 plugins.
Preloading 0 native plugins for Editor in 0.00 ms.
Unloading 2002 Unused Serialized files (Serialized files now loaded: 0)
System memory in use before: 94.8 MB.
System memory in use after: 94.7 MB.

Unloading 24 unused Assets to reduce memory usage. Loaded Objects now: 2445.
Total: 2.035300 ms (FindLiveObjects: 0.328600 ms CreateObjectMapping: 0.053900 ms MarkObjects: 1.538900 ms  DeleteObjects: 0.113200 ms)

========================================================================
Received Import Request.
  path: Assets/script folder/NPCManager.cs
  artifactKey: Guid(2aeac594aeaeb9041af72a233b8f4aa7) Importer(815301076,1909f56bfc062723c751e8b465ee728b)
Start importing Assets/script folder/NPCManager.cs using Guid(2aeac594aeaeb9041af72a233b8f4aa7) Importer(815301076,1909f56bfc062723c751e8b465ee728b)  -> (artifact id: 'edb8d91548731dbbcb66d7c7d306bc15') in 0.064231 seconds
  Import took 0.067316 seconds .

========================================================================
Received Import Request.
  Time since last request: 8.767711 seconds.
  path: Assets/script folder/BGMManger.cs
  artifactKey: Guid(cc060dde4c1690448a2123d597d66b00) Importer(815301076,1909f56bfc062723c751e8b465ee728b)
Start importing Assets/script folder/BGMManger.cs using Guid(cc060dde4c1690448a2123d597d66b00) Importer(815301076,1909f56bfc062723c751e8b465ee728b)  -> (artifact id: 'fa86d0f2a31a42b949a8ac697b1dd986') in 0.002406 seconds
  Import took 0.005410 seconds .

========================================================================
Received Prepare
Registering precompiled user dll's ...
Registered in 0.000883 seconds.
Begin MonoManager ReloadAssembly
Native extension for WindowsStandalone target not found
Refreshing native plugins compatible for Editor in 0.48 ms, found 1 plugins.
Preloading 0 native plugins for Editor in 0.00 ms.
Mono: successfully reloaded assembly
- Completed reload, in  0.616 seconds
Platform modules already initialized, skipping
Refreshing native plugins compatible for Editor in 0.39 ms, found 1 plugins.
Preloading 0 native plugins for Editor in 0.00 ms.
Unloading 1997 Unused Serialized files (Serialized files now loaded: 0)
System memory in use before: 94.7 MB.
System memory in use after: 94.7 MB.

Unloading 12 unused Assets to reduce memory usage. Loaded Objects now: 2449.
Total: 1.735300 ms (FindLiveObjects: 0.213200 ms CreateObjectMapping: 0.038300 ms MarkObjects: 1.390800 ms  DeleteObjects: 0.092300 ms)

========================================================================
Received Prepare
Registering precompiled user dll's ...
Registered in 0.000987 seconds.
Begin MonoManager ReloadAssembly
Native extension for WindowsStandalone target not found
Refreshing native plugins compatible for Editor in 0.48 ms, found 1 plugins.
Preloading 0 native plugins for Editor in 0.00 ms.
Mono: successfully reloaded assembly
- Completed reload, in  0.625 seconds
Platform modules already initialized, skipping
Refreshing native plugins compatible for Editor in 0.40 ms, found 1 plugins.
Preloading 0 native plugins for Editor in 0.00 ms.
Unloading 1997 Unused Serialized files (Serialized files now loaded: 0)
System memory in use before: 94.7 MB.
System memory in use after: 94.7 MB.

Unloading 12 unused Assets to reduce memory usage. Loaded Objects now: 2453.
Total: 1.717300 ms (FindLiveObjects: 0.191400 ms CreateObjectMapping: 0.039000 ms MarkObjects: 1.401100 ms  DeleteObjects: 0.085100 ms)

========================================================================
Received Prepare
Registering precompiled user dll's ...
Registered in 0.000979 seconds.
Begin MonoManager ReloadAssembly
Native extension for WindowsStandalone target not found
Refreshing native plugins compatible for Editor in 0.46 ms, found 1 plugins.
Preloading 0 native plugins for Editor in 0.00 ms.
Mono: successfully reloaded assembly
- Completed reload, in  0.625 seconds
Platform modules already initialized, skipping
Refreshing native plugins compatible for Editor in 0.58 ms, found 1 plugins.
Preloading 0 native plugins for Editor in 0.00 ms.
Unloading 1997 Unused Serialized files (Serialized files now loaded: 0)
System memory in use before: 94.8 MB.
System memory in use after: 94.8 MB.

Unloading 12 unused Assets to reduce memory usage. Loaded Objects now: 2457.
Total: 1.808800 ms (FindLiveObjects: 0.198600 ms CreateObjectMapping: 0.048100 ms MarkObjects: 1.467700 ms  DeleteObjects: 0.093400 ms)

AssetImportWorkerClient::OnTransportError - code=2 error=End of file
